<?xml version="1.0" encoding="UTF-8"?>
<!-- Generated by org.testng.reporters.JUnitXMLReporter -->
<testsuite ignored="0" hostname="IN-PG02NKDN" failures="0" tests="3" name="Default test" time="0.037" errors="0" timestamp="2022-01-31T16:23:45 IST">
  <testcase classname="SeleniumBrowserLaunch.TestngConcept" name="available" time="0.005"/>
  <testcase classname="SeleniumBrowserLaunch.TestngConcept" name="display" time="0.001"/>
  <testcase classname="SeleniumBrowserLaunch.TestngConcept" name="show" time="0.001"/>
</testsuite> <!-- Default test -->
