<?xml version="1.0" encoding="UTF-8"?>
<!-- Generated by org.testng.reporters.JUnitXMLReporter -->
<testsuite ignored="0" hostname="IN-PG02NKDN" failures="0" tests="4" name="Testing testNG file" time="25.629" errors="0" timestamp="2022-02-08T16:57:24 IST">
  <testcase classname="TestNGConcept.DataProviderConcept" name="userLogin" time="5.29"/>
  <testcase classname="TestNGConcept.DataProviderConcept" name="userLogin" time="5.23"/>
  <testcase classname="TestNGConcept.DataProviderConcept" name="userLogin" time="5.296"/>
  <testcase classname="TestNGConcept.DataProviderConcept" name="userLogin" time="5.232"/>
</testsuite> <!-- Testing testNG file -->
