<?xml version="1.0" encoding="UTF-8"?>
<!-- Generated by org.testng.reporters.JUnitXMLReporter -->
<testsuite ignored="2" hostname="IN-PG02NKDN" failures="3" tests="3" name="Test XML File" time="6.553" errors="0" timestamp="2022-02-08T16:42:17 IST">
  <testcase classname="TestNGConcept.AmazonTest" name="titleTest" time="0.006">
    <failure type="java.lang.NullPointerException">
      <![CDATA[java.lang.NullPointerException
at TestNGConcept.AmazonTest.titleTest(AmazonTest.java:19)
at java.base/java.util.ArrayList.forEach(ArrayList.java:1541)
... Removed 27 stack frames]]>
    </failure>
  </testcase> <!-- titleTest -->
  <testcase classname="TestNGConcept.AmazonTest" name="urlTest" time="0.001">
    <failure type="java.lang.NullPointerException">
      <![CDATA[java.lang.NullPointerException
at TestNGConcept.AmazonTest.urlTest(AmazonTest.java:28)
at java.base/java.util.ArrayList.forEach(ArrayList.java:1541)
... Removed 27 stack frames]]>
    </failure>
  </testcase> <!-- urlTest -->
  <testcase classname="TestNGConcept.AmazonTest" name="logoTest" time="0.006">
    <failure type="java.lang.NullPointerException">
      <![CDATA[java.lang.NullPointerException
at TestNGConcept.AmazonTest.logoTest(AmazonTest.java:35)
at java.base/java.util.ArrayList.forEach(ArrayList.java:1541)
... Removed 27 stack frames]]>
    </failure>
  </testcase> <!-- logoTest -->
  <testcase classname="TestNGConcept.BaseTest" name="@BeforeTest setUp" time="0.0">
    <ignored/>
  </testcase> <!-- @BeforeTest setUp -->
  <testcase classname="TestNGConcept.BaseTest" name="@AfterTest tearDown" time="0.0">
    <ignored/>
  </testcase> <!-- @AfterTest tearDown -->
</testsuite> <!-- Test XML File -->
