<?xml version="1.0" encoding="UTF-8"?>
<testng-results ignored="0" total="4" passed="4" failed="0" skipped="0">
  <reporter-output>
  </reporter-output>
  <suite started-at="2022-02-08T16:56:59 IST" name="Suite" finished-at="2022-02-08T16:57:24 IST" duration-ms="25629">
    <groups>
    </groups>
    <test started-at="2022-02-08T16:56:59 IST" name="Testing testNG file" finished-at="2022-02-08T16:57:24 IST" duration-ms="25629">
      <class name="TestNGConcept.DataProviderConcept">
        <test-method is-config="true" signature="setUp(java.lang.String,java.lang.String)[pri:0, instance:TestNGConcept.DataProviderConcept@3f6b0be5]" started-at="2022-02-08T16:56:59 IST" name="setUp" finished-at="2022-02-08T16:57:02 IST" duration-ms="3540" status="PASS">
          <params>
            <param index="0">
              <value>
                <![CDATA[chrome]]>
              </value>
            </param>
            <param index="1">
              <value>
                <![CDATA[https://demo.opencart.com/index.php?route=account/login]]>
              </value>
            </param>
          </params>
          <reporter-output>
          </reporter-output>
        </test-method> <!-- setUp -->
        <test-method signature="userLogin(java.lang.String,java.lang.String)[pri:0, instance:TestNGConcept.DataProviderConcept@3f6b0be5]" started-at="2022-02-08T16:57:02 IST" name="userLogin" data-provider="getUserDetails" finished-at="2022-02-08T16:57:07 IST" duration-ms="5290" status="PASS">
          <params>
            <param index="0">
              <value>
                <![CDATA[nikhil@test.com]]>
              </value>
            </param>
            <param index="1">
              <value>
                <![CDATA[nikhil@123]]>
              </value>
            </param>
          </params>
          <reporter-output>
          </reporter-output>
        </test-method> <!-- userLogin -->
        <test-method signature="userLogin(java.lang.String,java.lang.String)[pri:0, instance:TestNGConcept.DataProviderConcept@3f6b0be5]" started-at="2022-02-08T16:57:07 IST" name="userLogin" data-provider="getUserDetails" finished-at="2022-02-08T16:57:13 IST" duration-ms="5230" status="PASS">
          <params>
            <param index="0">
              <value>
                <![CDATA[rutuja@test.com]]>
              </value>
            </param>
            <param index="1">
              <value>
                <![CDATA[rutuja@123]]>
              </value>
            </param>
          </params>
          <reporter-output>
          </reporter-output>
        </test-method> <!-- userLogin -->
        <test-method signature="userLogin(java.lang.String,java.lang.String)[pri:0, instance:TestNGConcept.DataProviderConcept@3f6b0be5]" started-at="2022-02-08T16:57:13 IST" name="userLogin" data-provider="getUserDetails" finished-at="2022-02-08T16:57:18 IST" duration-ms="5296" status="PASS">
          <params>
            <param index="0">
              <value>
                <![CDATA[ankita@test.com]]>
              </value>
            </param>
            <param index="1">
              <value>
                <![CDATA[ankita@123]]>
              </value>
            </param>
          </params>
          <reporter-output>
          </reporter-output>
        </test-method> <!-- userLogin -->
        <test-method signature="userLogin(java.lang.String,java.lang.String)[pri:0, instance:TestNGConcept.DataProviderConcept@3f6b0be5]" started-at="2022-02-08T16:57:18 IST" name="userLogin" data-provider="getUserDetails" finished-at="2022-02-08T16:57:23 IST" duration-ms="5232" status="PASS">
          <params>
            <param index="0">
              <value>
                <![CDATA[buddha@test.com]]>
              </value>
            </param>
            <param index="1">
              <value>
                <![CDATA[buddha@123]]>
              </value>
            </param>
          </params>
          <reporter-output>
          </reporter-output>
        </test-method> <!-- userLogin -->
        <test-method is-config="true" signature="tearDown()[pri:0, instance:TestNGConcept.DataProviderConcept@3f6b0be5]" started-at="2022-02-08T16:57:23 IST" name="tearDown" finished-at="2022-02-08T16:57:24 IST" duration-ms="1005" status="PASS">
          <reporter-output>
          </reporter-output>
        </test-method> <!-- tearDown -->
      </class> <!-- TestNGConcept.DataProviderConcept -->
    </test> <!-- Testing testNG file -->
  </suite> <!-- Suite -->
</testng-results>
